Arguments: 
  /usr/bin/node /home/vagrant/.npm-global/bin/yarn install --production=true --modules-folder ./assets/libraries

PATH: 
  /tmp/yarn--1552480074308-0.7111313629384852:/var/www/washington/node_modules/.bin:/home/vagrant/.config/yarn/link/node_modules/.bin:/var/www/washington/node_modules/.bin:/home/vagrant/.config/yarn/link/node_modules/.bin:/usr/libexec/lib/node_modules/npm/bin/node-gyp-bin:/usr/lib/node_modules/npm/bin/node-gyp-bin:/usr/bin/node_modules/npm/bin/node-gyp-bin:/home/vagrant/bin:/home/vagrant/.local/bin:/home/vagrant/.gem/ruby/2.3.0/bin:/home/vagrant/.npm-global/bin:/usr/local/sbin:/usr/local/bin:/usr/sbin:/usr/bin:/sbin:/bin:/usr/games:/usr/local/games:/home/vagrant/.composer/vendor/bin

Yarn version: 
  1.13.0

Node version: 
  10.15.3

Platform: 
  linux x64

Trace: 
  Error: https://registry.yarnpkg.com/@fortawesome%2ffontawesome-pro: Not found
      at Request.params.callback [as _callback] (/home/vagrant/.npm-global/lib/node_modules/yarn/lib/cli.js:66255:18)
      at Request.self.callback (/home/vagrant/.npm-global/lib/node_modules/yarn/lib/cli.js:129397:22)
      at Request.emit (events.js:189:13)
      at Request.<anonymous> (/home/vagrant/.npm-global/lib/node_modules/yarn/lib/cli.js:130369:10)
      at Request.emit (events.js:189:13)
      at IncomingMessage.<anonymous> (/home/vagrant/.npm-global/lib/node_modules/yarn/lib/cli.js:130291:12)
      at Object.onceWrapper (events.js:277:13)
      at IncomingMessage.emit (events.js:194:15)
      at endReadableNT (_stream_readable.js:1125:12)
      at process._tickCallback (internal/process/next_tick.js:63:19)

npm manifest: 
  {
    "name": "flat-base",
    "version": "19.03.05",
    "license": "UNLICENSED",
    "dependencies": {
      "@fortawesome/fontawesome-pro": "^5.7.1",
      "foundation-sites": "6.2.4",
      "scrollmagic": "^2.0.6",
      "what-input": "^5.1.4"
    },
    "devDependencies": {
      "beeper": "^1.1.1",
      "browser-sync": "^2.23.7",
      "browserslist": "^4.0.2",
      "chalk": "^2.4.0",
      "fancy-log": "^1.3.2",
      "gulp": "^4.0.0",
      "gulp-autoprefixer": "^5.0.0",
      "gulp-clean-css": "^3.10.0",
      "gulp-notify": "^3.0.0",
      "gulp-plumber": "^1.2.0",
      "gulp-real-favicon": "^0.3.2",
      "gulp-rename": "^1.4.0",
      "gulp-sass": "^4.0.1",
      "gulp-sourcemaps": "^2.6.4",
      "gulp.spritesmith": "^6.9.0",
      "merge-stream": "^1.0.1",
      "pa11y": "^4.13.2"
    },
    "scripts": {
      "install-libraries": "yarn install --production=true --modules-folder ./assets/libraries",
      "install-dev": "yarn install --production=false",
      "a11y": "gulp a11y",
      "browser-sync": "gulp browser-sync",
      "generate-favicon": "gulp generate-favicon",
      "inject-favicon-markups": "gulp inject-favicon-markups",
      "jekyll-build": "gulp jekyll-build",
      "jekyll-rebuild": "gulp jekyll-rebuild",
      "sass": "gulp sass",
      "sprites": "gulp sprite",
      "watch": "gulp watch"
    }
  }

yarn manifest: 
  No manifest

Lockfile: 
  No lockfile
